{"D:\\Learning\\Namaste React JS\\React-complete_Git\\React-Complete\\episode_07\\src\\components\\Contact.js": {"path":"D:\\Learning\\Namaste React JS\\React-complete_Git\\React-Complete\\episode_07\\src\\components\\Contact.js","statementMap":{"0":{"start":{"line":1,"column":16},"end":{"line":21,"column":1}},"1":{"start":{"line":2,"column":2},"end":{"line":20,"column":4}}},"fnMap":{"0":{"name":"(anonymous_0)","decl":{"start":{"line":1,"column":16},"end":{"line":1,"column":17}},"loc":{"start":{"line":1,"column":22},"end":{"line":21,"column":1}},"line":1}},"branchMap":{},"s":{"0":1,"1":4},"f":{"0":4},"b":{},"_coverageSchema":"1a1c01bbd47fc00a2c39e90264f33305004495a9","hash":"177f930d51b6c129e771b35785277fad4d96088a"}
,"D:\\Learning\\Namaste React JS\\React-complete_Git\\React-Complete\\episode_07\\src\\components\\sum.js": {"path":"D:\\Learning\\Namaste React JS\\React-complete_Git\\React-Complete\\episode_07\\src\\components\\sum.js","statementMap":{"0":{"start":{"line":1,"column":19},"end":{"line":3,"column":1}},"1":{"start":{"line":2,"column":4},"end":{"line":2,"column":17}}},"fnMap":{"0":{"name":"(anonymous_0)","decl":{"start":{"line":1,"column":19},"end":{"line":1,"column":20}},"loc":{"start":{"line":1,"column":29},"end":{"line":3,"column":1}},"line":1}},"branchMap":{},"s":{"0":1,"1":1},"f":{"0":1},"b":{},"_coverageSchema":"1a1c01bbd47fc00a2c39e90264f33305004495a9","hash":"14dc96e1c0b3a2f9d320f58c96da1a57e74b311c"}
}
